<?xml version="1.0" encoding="UTF-8"?>
<!-- Generated by org.testng.reporters.JUnitReportReporter -->
<testsuite skipped="0" hostname="DESKTOP-3D3GLS3" name="com.nafees.automation.silenium.TestSelenium" tests="1" failures="0" timestamp="2021-11-03T20:51:37 IST" time="0.015" errors="0">
  <testcase name="setup" time="0.015" classname="com.nafees.automation.silenium.TestSelenium"/>
  <system-out/>
</testsuite> <!-- com.nafees.automation.silenium.TestSelenium -->
